Determining if the pthread_create exist failed with the following output:
Change Dir: /home/cmastalli/ros_workspace/excavabot/excavaROB_common/excavaROB_msgs/build/CMakeFiles/CMakeTmp

Run Build Command:/usr/bin/make "cmTryCompileExec584471734/fast"
make[1]: Entering directory `/home/cmastalli/ros_workspace/excavabot/excavaROB_common/excavaROB_msgs/build/CMakeFiles/CMakeTmp'
/usr/bin/make -f CMakeFiles/cmTryCompileExec584471734.dir/build.make CMakeFiles/cmTryCompileExec584471734.dir/build
make[2]: Entering directory `/home/cmastalli/ros_workspace/excavabot/excavaROB_common/excavaROB_msgs/build/CMakeFiles/CMakeTmp'
/usr/bin/cmake -E cmake_progress_report /home/cmastalli/ros_workspace/excavabot/excavaROB_common/excavaROB_msgs/build/CMakeFiles/CMakeTmp/CMakeFiles 1
Building C object CMakeFiles/cmTryCompileExec584471734.dir/CheckSymbolExists.c.o
/usr/bin/gcc    -o CMakeFiles/cmTryCompileExec584471734.dir/CheckSymbolExists.c.o   -c /home/cmastalli/ros_workspace/excavabot/excavaROB_common/excavaROB_msgs/build/CMakeFiles/CMakeTmp/CheckSymbolExists.c
Linking C executable cmTryCompileExec584471734
/usr/bin/cmake -E cmake_link_script CMakeFiles/cmTryCompileExec584471734.dir/link.txt --verbose=1
/usr/bin/gcc         CMakeFiles/cmTryCompileExec584471734.dir/CheckSymbolExists.c.o  -o cmTryCompileExec584471734 -rdynamic 
CMakeFiles/cmTryCompileExec584471734.dir/CheckSymbolExists.c.o: In function `main':
CheckSymbolExists.c:(.text+0x16): undefined reference to `pthread_create'
collect2: error: ld returned 1 exit status
make[2]: *** [cmTryCompileExec584471734] Error 1
make[2]: Leaving directory `/home/cmastalli/ros_workspace/excavabot/excavaROB_common/excavaROB_msgs/build/CMakeFiles/CMakeTmp'
make[1]: *** [cmTryCompileExec584471734/fast] Error 2
make[1]: Leaving directory `/home/cmastalli/ros_workspace/excavabot/excavaROB_common/excavaROB_msgs/build/CMakeFiles/CMakeTmp'

File /home/cmastalli/ros_workspace/excavabot/excavaROB_common/excavaROB_msgs/build/CMakeFiles/CMakeTmp/CheckSymbolExists.c:
/* */
#include <pthread.h>

int main(int argc, char** argv)
{
  (void)argv;
#ifndef pthread_create
  return ((int*)(&pthread_create))[argc];
#else
  (void)argc;
  return 0;
#endif
}

Determining if the function pthread_create exists in the pthreads failed with the following output:
Change Dir: /home/cmastalli/ros_workspace/excavabot/excavaROB_common/excavaROB_msgs/build/CMakeFiles/CMakeTmp

Run Build Command:/usr/bin/make "cmTryCompileExec1750275627/fast"
make[1]: Entering directory `/home/cmastalli/ros_workspace/excavabot/excavaROB_common/excavaROB_msgs/build/CMakeFiles/CMakeTmp'
/usr/bin/make -f CMakeFiles/cmTryCompileExec1750275627.dir/build.make CMakeFiles/cmTryCompileExec1750275627.dir/build
make[2]: Entering directory `/home/cmastalli/ros_workspace/excavabot/excavaROB_common/excavaROB_msgs/build/CMakeFiles/CMakeTmp'
/usr/bin/cmake -E cmake_progress_report /home/cmastalli/ros_workspace/excavabot/excavaROB_common/excavaROB_msgs/build/CMakeFiles/CMakeTmp/CMakeFiles 1
Building C object CMakeFiles/cmTryCompileExec1750275627.dir/CheckFunctionExists.c.o
/usr/bin/gcc   -DCHECK_FUNCTION_EXISTS=pthread_create   -o CMakeFiles/cmTryCompileExec1750275627.dir/CheckFunctionExists.c.o   -c /usr/share/cmake-2.8/Modules/CheckFunctionExists.c
Linking C executable cmTryCompileExec1750275627
/usr/bin/cmake -E cmake_link_script CMakeFiles/cmTryCompileExec1750275627.dir/link.txt --verbose=1
/usr/bin/gcc     -DCHECK_FUNCTION_EXISTS=pthread_create    CMakeFiles/cmTryCompileExec1750275627.dir/CheckFunctionExists.c.o  -o cmTryCompileExec1750275627 -rdynamic -lpthreads 
/usr/bin/ld: cannot find -lpthreads
collect2: error: ld returned 1 exit status
make[2]: *** [cmTryCompileExec1750275627] Error 1
make[2]: Leaving directory `/home/cmastalli/ros_workspace/excavabot/excavaROB_common/excavaROB_msgs/build/CMakeFiles/CMakeTmp'
make[1]: *** [cmTryCompileExec1750275627/fast] Error 2
make[1]: Leaving directory `/home/cmastalli/ros_workspace/excavabot/excavaROB_common/excavaROB_msgs/build/CMakeFiles/CMakeTmp'


